#
# A fatal error has been detected by the Java Runtime Environment:
#
#  EXCEPTION_ACCESS_VIOLATION (0xc0000005) at pc=0x00007ffd58848239, pid=19448, tid=11900
#
# JRE version: OpenJDK Runtime Environment (21.0.5) (build 21.0.5+-12932927-b750.29)
# Java VM: OpenJDK 64-Bit Server VM (21.0.5+-12932927-b750.29, mixed mode, tiered, compressed oops, compressed class ptrs, g1 gc, windows-amd64)
# Problematic frame:
# V  [jvm.dll+0x6f8239]
#
# No core dump will be written. Minidumps are not enabled by default on client versions of Windows
#
# If you would like to submit a bug report, please visit:
#   https://youtrack.jetbrains.com/issues/JBR
#

---------------  S U M M A R Y ------------

Command Line: --add-opens=java.base/java.lang=ALL-UNNAMED --add-opens=java.base/java.lang.invoke=ALL-UNNAMED --add-opens=java.base/java.util=ALL-UNNAMED --add-opens=java.prefs/java.util.prefs=ALL-UNNAMED --add-exports=jdk.compiler/com.sun.tools.javac.api=ALL-UNNAMED --add-exports=jdk.compiler/com.sun.tools.javac.util=ALL-UNNAMED --add-opens=java.base/java.util=ALL-UNNAMED --add-opens=java.prefs/java.util.prefs=ALL-UNNAMED --add-opens=java.base/java.nio.charset=ALL-UNNAMED --add-opens=java.base/java.net=ALL-UNNAMED --add-opens=java.base/java.util.concurrent.atomic=ALL-UNNAMED --add-opens=java.xml/javax.xml.namespace=ALL-UNNAMED -Xmx2048m -Dfile.encoding=UTF-8 -Duser.country=RU -Duser.language=ru -Duser.variant -javaagent:C:\Users\illar\.gradle\wrapper\dists\gradle-8.11.1-bin\bpt9gzteqjrbo1mjrsomdt32c\gradle-8.11.1\lib\agents\gradle-instrumentation-agent-8.11.1.jar org.gradle.launcher.daemon.bootstrap.GradleDaemon 8.11.1

Host: 12th Gen Intel(R) Core(TM) i5-12400F, 12 cores, 15G,  Windows 10 , 64 bit Build 19041 (10.0.19041.5678)
Time: Sun May 11 14:32:32 2025 RTZ 4 (s 10 , 64 bit Build 19041 (10.0.19041.5678) elapsed time: 1.683106 seconds (0d 0h 0m 1s)

---------------  T H R E A D  ---------------

Current thread (0x000001b57258fe70):  JavaThread "C2 CompilerThread1" daemon [_thread_in_native, id=11900, stack(0x0000004b1fc00000,0x0000004b1fd00000) (1024K)]


Current CompileTask:
C2:1683 2878   !   4       java.net.URLClassLoader::findClass (47 bytes)

Stack: [0x0000004b1fc00000,0x0000004b1fd00000],  sp=0x0000004b1fcfc320,  free space=1008k
Native frames: (J=compiled Java code, j=interpreted, Vv=VM code, C=native code)
V  [jvm.dll+0x6f8239]
V  [jvm.dll+0x71a055]
V  [jvm.dll+0x1de760]
V  [jvm.dll+0x247db4]
V  [jvm.dll+0x247231]
V  [jvm.dll+0x1c5ee4]
V  [jvm.dll+0x25697c]
V  [jvm.dll+0x254ec6]
V  [jvm.dll+0x3f0ce6]
V  [jvm.dll+0x806368]
V  [jvm.dll+0x6ce3fd]
C  [ucrtbase.dll+0x21bb2]
C  [KERNEL32.DLL+0x17374]
C  [ntdll.dll+0x4cc91]


siginfo: EXCEPTION_ACCESS_VIOLATION (0xc0000005), reading address 0x000005b57cd0781c


Registers:
RAX=0xffffffffffffffff, RBX=0x000001b57c62ab00, RCX=0x000001b57c515200, RDX=0x000001b57c515210
RSP=0x0000004b1fcfc320, RBP=0x0000000000000000, RSI=0x0000000000000020, RDI=0x000005b57cd07800
R8 =0x0000000000000005, R9 =0x000001b57cd70e70, R10=0x000001b57cd06d58, R11=0x000001b57cd70e90
R12=0x000001b57c515208, R13=0x000001b57cd06d58, R14=0x0000000000000000, R15=0x000001b57285aa58
RIP=0x00007ffd58848239, EFLAGS=0x0000000000010246


Register to memory mapping:

RAX=0xffffffffffffffff is an unknown value
RBX=0x000001b57c62ab00 points into unknown readable memory: 0x00007ffd58a7adb8 | b8 ad a7 58 fd 7f 00 00
RCX=0x000001b57c515200 points into unknown readable memory: 0x000001b57cd06d58 | 58 6d d0 7c b5 01 00 00
RDX=0x000001b57c515210 points into unknown readable memory: 0x000001b57cd70e18 | 18 0e d7 7c b5 01 00 00
RSP=0x0000004b1fcfc320 is pointing into the stack for thread: 0x000001b57258fe70
RBP=0x0 is null
RSI=0x0000000000000020 is an unknown value
RDI=0x000005b57cd07800 is an unknown value
R8 =0x0000000000000005 is an unknown value
R9 =0x000001b57cd70e70 points into unknown readable memory: 0x000001b57ae686e8 | e8 86 e6 7a b5 01 00 00
R10=0x000001b57cd06d58 points into unknown readable memory: 0x00007ffd58a7adb8 | b8 ad a7 58 fd 7f 00 00
R11=0x000001b57cd70e90 points into unknown readable memory: 0x000001b57c62ab00 | 00 ab 62 7c b5 01 00 00
R12=0x000001b57c515208 points into unknown readable memory: 0x000005b57cd07800 | 00 78 d0 7c b5 05 00 00
R13=0x000001b57cd06d58 points into unknown readable memory: 0x00007ffd58a7adb8 | b8 ad a7 58 fd 7f 00 00
R14=0x0 is null
R15=0x000001b57285aa58 points into unknown readable memory: 0x000001b572519680 | 80 96 51 72 b5 01 00 00

Top of Stack: (sp=0x0000004b1fcfc320)
0x0000004b1fcfc320:   0000000000000004 000001b57c4fdb10
0x0000004b1fcfc330:   000001b500000000 000001b57b41d538
0x0000004b1fcfc340:   000001b578ecf750 000001b57cd06d58
0x0000004b1fcfc350:   000001b57953c2e0 000001b579fc56d0
0x0000004b1fcfc360:   0000000000000000 0000000000000009
0x0000004b1fcfc370:   0000004b1fcfcbf0 00007ffd5886a055
0x0000004b1fcfc380:   000001b57c515208 0000004b1fcfc480
0x0000004b1fcfc390:   000001b57c515200 0000000000000000
0x0000004b1fcfc3a0:   0000004b1fcfc7b8 0000004b1fcfc570
0x0000004b1fcfc3b0:   0000000000000000 000001b57cde82c0
0x0000004b1fcfc3c0:   000001b578ecf960 0000004b1fcfc601
0x0000004b1fcfc3d0:   0000000000000008 0000000050004717
0x0000004b1fcfc3e0:   0000000100002060 000001b579fc56d0
0x0000004b1fcfc3f0:   0000000900002060 0000000000001012
0x0000004b1fcfc400:   000001b57cd06d58 0000000000000000
0x0000004b1fcfc410:   0000100900000008 000001b57cdd7f80
0x0000004b1fcfc420:   0000004b00000003 000001b57cde0120
0x0000004b1fcfc430:   000001b578ecf750 0000002200000000
0x0000004b1fcfc440:   000001b578ecf798 000001b57ce39d20
0x0000004b1fcfc450:   00000000000b0630 000001b57ce33430
0x0000004b1fcfc460:   000001b57ce368a8 00007ffd00000000
0x0000004b1fcfc470:   000001b57cde82c0 000001b57c4fdb50
0x0000004b1fcfc480:   0000000000000000 000001b57ce39d68
0x0000004b1fcfc490:   000001b57275bf18 000001b57c4fdb10
0x0000004b1fcfc4a0:   000001b57dfd0050 0000000000000000
0x0000004b1fcfc4b0:   000001b57275bb30 00000000000003d8
0x0000004b1fcfc4c0:   000001b57275bb40 0000000000000009
0x0000004b1fcfc4d0:   0000000000000003 0000000000000008
0x0000004b1fcfc4e0:   0000206000000000 000001b57cde0120
0x0000004b1fcfc4f0:   0000004b1fcfc940 0000004b1fcfc870
0x0000004b1fcfc500:   00007ffd58ce50a0 00007ffd582100af
0x0000004b1fcfc510:   000001b57e132620 00007ffd585061f0 

Instructions: (pc=0x00007ffd58848239)
0x00007ffd58848139:   5f 41 5d 5b c3 cc cc 48 89 5c 24 08 48 89 74 24
0x00007ffd58848149:   10 57 48 8b 59 20 48 8b fa 48 8b f1 8b 43 08 4c
0x00007ffd58848159:   8b 5b 20 85 c0 74 4d 45 33 c0 44 8b d0 66 66 0f
0x00007ffd58848169:   1f 84 00 00 00 00 00 4c 8b 4b 18 4b 8b 04 01 48
0x00007ffd58848179:   85 c0 74 26 49 3b c3 74 21 8b 48 28 8b c1 c1 e8
0x00007ffd58848189:   05 3b 07 73 11 8b d0 83 e1 1f 48 8b 47 08 8b 04
0x00007ffd58848199:   90 0f a3 c8 72 04 4f 89 1c 01 49 83 c0 08 49 83
0x00007ffd588481a9:   ea 01 75 c3 48 8d 4e 30 33 d2 41 b8 30 09 00 00
0x00007ffd588481b9:   48 8b 5c 24 10 48 8b 74 24 18 5f e9 09 6f 19 00
0x00007ffd588481c9:   cc cc cc cc cc cc cc 40 53 41 54 41 55 48 83 ec
0x00007ffd588481d9:   40 4c 8b e9 48 8b da 48 8b 49 10 48 89 4c 24 70
0x00007ffd588481e9:   45 8b 65 20 49 ff cc 4e 8d 24 e1 4c 89 64 24 60
0x00007ffd588481f9:   4c 3b e1 0f 82 ad 01 00 00 44 8b 05 ef 05 4f 00
0x00007ffd58848209:   65 48 8b 04 25 58 00 00 00 48 89 6c 24 68 48 89
0x00007ffd58848219:   74 24 38 48 89 7c 24 30 4c 89 74 24 28 4c 89 7c
0x00007ffd58848229:   24 20 4e 8d 3c c0 90 49 8b 3c 24 45 33 f6 33 ed
0x00007ffd58848239:   44 8b 47 1c 45 85 c0 0f 84 38 01 00 00 41 bc 34
0x00007ffd58848249:   00 00 00 0f 1f 40 00 4c 8b 4f 08 48 8d 34 ed 00
0x00007ffd58848259:   00 00 00 4e 8b 14 0e 4e 8d 1c 0e 4d 3b d5 0f 85
0x00007ffd58848269:   f8 00 00 00 8b 47 18 3b e8 73 79 4d 85 d2 74 2e
0x00007ffd58848279:   49 8b 4a 10 48 85 c9 74 25 41 8b 42 20 48 8d 14
0x00007ffd58848289:   c1 66 0f 1f 44 00 00 48 39 7a f8 48 8d 52 f8 75
0x00007ffd58848299:   f6 ff c8 41 89 42 20 48 8b 0c c1 48 89 0a 49 89
0x00007ffd588482a9:   1b 48 85 db 74 29 48 8b 4b 10 48 85 c9 74 20 8b
0x00007ffd588482b9:   43 20 3b 43 24 75 11 8b d0 48 8b cb e8 a6 60 fb
0x00007ffd588482c9:   ff 8b 43 20 48 8b 4b 10 48 89 3c c1 ff 43 20 49
0x00007ffd588482d9:   8b 07 41 80 3c 04 00 0f 85 7c 00 00 00 e8 e5 5a
0x00007ffd588482e9:   19 00 eb 75 4c 3b d3 74 70 48 85 db 74 61 41 3b
0x00007ffd588482f9:   c0 73 22 0f 1f 40 00 8b c8 49 8b 14 c9 48 3b d3
0x00007ffd58848309:   74 0e 48 85 d2 74 0e ff c0 41 3b c0 72 e9 eb 05
0x00007ffd58848319:   83 f8 ff 75 3a 4d 85 d2 74 2c 49 8b 4a 10 48 85
0x00007ffd58848329:   c9 74 23 41 8b 42 20 48 8d 14 c1 48 39 7a f8 48 


Stack slot to memory mapping:

stack at sp + 0 slots: 0x0000000000000004 is an unknown value
stack at sp + 1 slots: 0x000001b57c4fdb10 points into unknown readable memory: 0x000001b57714d2d0 | d0 d2 14 77 b5 01 00 00
stack at sp + 2 slots: 0x000001b500000000 is an unknown value
stack at sp + 3 slots: 0x000001b57b41d538 points into unknown readable memory: 0x00007ffd58a04880 | 80 48 a0 58 fd 7f 00 00
stack at sp + 4 slots: 0x000001b578ecf750 points into unknown readable memory: 0x000001b57b41d538 | 38 d5 41 7b b5 01 00 00
stack at sp + 5 slots: 0x000001b57cd06d58 points into unknown readable memory: 0x00007ffd58a7adb8 | b8 ad a7 58 fd 7f 00 00
stack at sp + 6 slots: 0x000001b57953c2e0 points into unknown readable memory: 0x00007ffd58a7b298 | 98 b2 a7 58 fd 7f 00 00
stack at sp + 7 slots: 0x000001b579fc56d0 points into unknown readable memory: 0x00007ffd58a7f680 | 80 f6 a7 58 fd 7f 00 00


---------------  P R O C E S S  ---------------

Threads class SMR info:
_java_thread_list=0x000001b579006c00, length=27, elements={
0x000001b558663530, 0x000001b5725723f0, 0x000001b572575110, 0x000001b57255f130,
0x000001b57255fb80, 0x000001b572555a00, 0x000001b572556450, 0x000001b572561640,
0x000001b572592e20, 0x000001b5726fd3a0, 0x000001b57285daa0, 0x000001b57258fe70,
0x000001b57258f7a0, 0x000001b578a3a990, 0x000001b578a388c0, 0x000001b578a38230,
0x000001b578a38f50, 0x000001b578a395e0, 0x000001b578a37ba0, 0x000001b578a3a300,
0x000001b578c48920, 0x000001b578c46ee0, 0x000001b578c46850, 0x000001b578c47570,
0x000001b578c47c00, 0x000001b578c48290, 0x000001b578c426b0
}

Java Threads: ( => current thread )
  0x000001b558663530 JavaThread "main"                              [_thread_blocked, id=18712, stack(0x0000004b1ea00000,0x0000004b1eb00000) (1024K)]
  0x000001b5725723f0 JavaThread "Reference Handler"          daemon [_thread_blocked, id=18072, stack(0x0000004b1f200000,0x0000004b1f300000) (1024K)]
  0x000001b572575110 JavaThread "Finalizer"                  daemon [_thread_blocked, id=19440, stack(0x0000004b1f300000,0x0000004b1f400000) (1024K)]
  0x000001b57255f130 JavaThread "Signal Dispatcher"          daemon [_thread_blocked, id=11212, stack(0x0000004b1f400000,0x0000004b1f500000) (1024K)]
  0x000001b57255fb80 JavaThread "Attach Listener"            daemon [_thread_blocked, id=1068, stack(0x0000004b1f500000,0x0000004b1f600000) (1024K)]
  0x000001b572555a00 JavaThread "Service Thread"             daemon [_thread_blocked, id=3376, stack(0x0000004b1f600000,0x0000004b1f700000) (1024K)]
  0x000001b572556450 JavaThread "Monitor Deflation Thread"   daemon [_thread_blocked, id=2364, stack(0x0000004b1f700000,0x0000004b1f800000) (1024K)]
  0x000001b572561640 JavaThread "C2 CompilerThread0"         daemon [_thread_in_native, id=1828, stack(0x0000004b1f800000,0x0000004b1f900000) (1024K)]
  0x000001b572592e20 JavaThread "C1 CompilerThread0"         daemon [_thread_in_native, id=13448, stack(0x0000004b1f900000,0x0000004b1fa00000) (1024K)]
  0x000001b5726fd3a0 JavaThread "Common-Cleaner"             daemon [_thread_blocked, id=11884, stack(0x0000004b1fa00000,0x0000004b1fb00000) (1024K)]
  0x000001b57285daa0 JavaThread "Notification Thread"        daemon [_thread_blocked, id=6696, stack(0x0000004b1fb00000,0x0000004b1fc00000) (1024K)]
=>0x000001b57258fe70 JavaThread "C2 CompilerThread1"         daemon [_thread_in_native, id=11900, stack(0x0000004b1fc00000,0x0000004b1fd00000) (1024K)]
  0x000001b57258f7a0 JavaThread "C2 CompilerThread2"         daemon [_thread_in_native, id=6492, stack(0x0000004b1fd00000,0x0000004b1fe00000) (1024K)]
  0x000001b578a3a990 JavaThread "Daemon health stats"               [_thread_blocked, id=19300, stack(0x0000004b20400000,0x0000004b20500000) (1024K)]
  0x000001b578a388c0 JavaThread "Incoming local TCP Connector on port 53235"        [_thread_in_native, id=3644, stack(0x0000004b20500000,0x0000004b20600000) (1024K)]
  0x000001b578a38230 JavaThread "Daemon periodic checks"            [_thread_blocked, id=9132, stack(0x0000004b20600000,0x0000004b20700000) (1024K)]
  0x000001b578a38f50 JavaThread "Daemon"                            [_thread_blocked, id=14996, stack(0x0000004b20700000,0x0000004b20800000) (1024K)]
  0x000001b578a395e0 JavaThread "Handler for socket connection from /127.0.0.1:53235 to /127.0.0.1:53236"        [_thread_in_native, id=7264, stack(0x0000004b20800000,0x0000004b20900000) (1024K)]
  0x000001b578a37ba0 JavaThread "Cancel handler"                    [_thread_blocked, id=13188, stack(0x0000004b20900000,0x0000004b20a00000) (1024K)]
  0x000001b578a3a300 JavaThread "Daemon worker"                     [_thread_in_vm, id=11504, stack(0x0000004b20a00000,0x0000004b20b00000) (1024K)]
  0x000001b578c48920 JavaThread "Asynchronous log dispatcher for DefaultDaemonConnection: socket connection from /127.0.0.1:53235 to /127.0.0.1:53236"        [_thread_blocked, id=17688, stack(0x0000004b20b00000,0x0000004b20c00000) (1024K)]
  0x000001b578c46ee0 JavaThread "Stdin handler"                     [_thread_blocked, id=18788, stack(0x0000004b20c00000,0x0000004b20d00000) (1024K)]
  0x000001b578c46850 JavaThread "Daemon client event forwarder"        [_thread_blocked, id=19264, stack(0x0000004b20d00000,0x0000004b20e00000) (1024K)]
  0x000001b578c47570 JavaThread "Cache worker for journal cache (C:\Users\illar\.gradle\caches\journal-1)"        [_thread_blocked, id=18920, stack(0x0000004b21300000,0x0000004b21400000) (1024K)]
  0x000001b578c47c00 JavaThread "File lock request listener"        [_thread_in_native, id=4332, stack(0x0000004b21400000,0x0000004b21500000) (1024K)]
  0x000001b578c48290 JavaThread "Cache worker for file hash cache (C:\Users\illar\.gradle\caches\8.11.1\fileHashes)"        [_thread_blocked, id=5376, stack(0x0000004b21500000,0x0000004b21600000) (1024K)]
  0x000001b578c426b0 JavaThread "Cache worker for file content cache (C:\Users\illar\.gradle\caches\8.11.1\fileContent)"        [_thread_blocked, id=12156, stack(0x0000004b21600000,0x0000004b21700000) (1024K)]
Total: 27

Other Threads:
  0x000001b572503090 VMThread "VM Thread"                           [id=10188, stack(0x0000004b1f100000,0x0000004b1f200000) (1024K)]
  0x000001b5724e0c30 WatcherThread "VM Periodic Task Thread"        [id=1184, stack(0x0000004b1f000000,0x0000004b1f100000) (1024K)]
  0x000001b55a943900 WorkerThread "GC Thread#0"                     [id=15104, stack(0x0000004b1eb00000,0x0000004b1ec00000) (1024K)]
  0x000001b577684390 WorkerThread "GC Thread#1"                     [id=6704, stack(0x0000004b1fe00000,0x0000004b1ff00000) (1024K)]
  0x000001b5773e3f10 WorkerThread "GC Thread#2"                     [id=17292, stack(0x0000004b1ff00000,0x0000004b20000000) (1024K)]
  0x000001b5771f5b90 WorkerThread "GC Thread#3"                     [id=16964, stack(0x0000004b20000000,0x0000004b20100000) (1024K)]
  0x000001b5776949c0 WorkerThread "GC Thread#4"                     [id=14400, stack(0x0000004b20100000,0x0000004b20200000) (1024K)]
  0x000001b577522b80 WorkerThread "GC Thread#5"                     [id=15720, stack(0x0000004b20200000,0x0000004b20300000) (1024K)]
  0x000001b57878fc00 WorkerThread "GC Thread#6"                     [id=10328, stack(0x0000004b20300000,0x0000004b20400000) (1024K)]
  0x000001b578c99c50 WorkerThread "GC Thread#7"                     [id=6068, stack(0x0000004b20e00000,0x0000004b20f00000) (1024K)]
  0x000001b578c998b0 WorkerThread "GC Thread#8"                     [id=12664, stack(0x0000004b20f00000,0x0000004b21000000) (1024K)]
  0x000001b578c9aad0 WorkerThread "GC Thread#9"                     [id=18916, stack(0x0000004b21000000,0x0000004b21100000) (1024K)]
  0x000001b55a956980 ConcurrentGCThread "G1 Main Marker"            [id=5328, stack(0x0000004b1ec00000,0x0000004b1ed00000) (1024K)]
  0x000001b55a95a360 WorkerThread "G1 Conc#0"                       [id=18884, stack(0x0000004b1ed00000,0x0000004b1ee00000) (1024K)]
  0x000001b578c9ae70 WorkerThread "G1 Conc#1"                       [id=17692, stack(0x0000004b21100000,0x0000004b21200000) (1024K)]
  0x000001b578c9a730 WorkerThread "G1 Conc#2"                       [id=8900, stack(0x0000004b21200000,0x0000004b21300000) (1024K)]
  0x000001b5723296c0 ConcurrentGCThread "G1 Refine#0"               [id=7776, stack(0x0000004b1ee00000,0x0000004b1ef00000) (1024K)]
  0x000001b572329d50 ConcurrentGCThread "G1 Service"                [id=17848, stack(0x0000004b1ef00000,0x0000004b1f000000) (1024K)]
Total: 18

Threads with active compile tasks:
C2 CompilerThread0  1721 3014       4       jdk.internal.org.objectweb.asm.Frame::accept (264 bytes)
C1 CompilerThread0  1721 3021       3       java.util.concurrent.ConcurrentLinkedQueue$Node::<init> (13 bytes)
C2 CompilerThread1  1721 2878   !   4       java.net.URLClassLoader::findClass (47 bytes)
C2 CompilerThread2  1721 3016       4       java.lang.invoke.MethodType::genericMethodType (95 bytes)
Total: 4

VM state: not at safepoint (normal execution)

VM Mutex/Monitor currently owned by a thread: None

Heap address: 0x0000000080000000, size: 2048 MB, Compressed Oops mode: 32-bit

CDS archive(s) not mapped
Compressed class space mapped at: 0x0000000100000000-0x0000000140000000, reserved size: 1073741824
Narrow klass base: 0x0000000000000000, Narrow klass shift: 3, Narrow klass range: 0x140000000

GC Precious Log:
 CardTable entry size: 512
 Card Set container configuration: InlinePtr #cards 5 size 8 Array Of Cards #cards 12 size 40 Howl #buckets 4 coarsen threshold 1843 Howl Bitmap #cards 512 size 80 coarsen threshold 460 Card regions per heap region 1 cards per card region 2048
 CPUs: 12 total, 12 available
 Memory: 16243M
 Large Page Support: Disabled
 NUMA Support: Disabled
 Compressed Oops: Enabled (32-bit)
 Heap Region Size: 1M
 Heap Min Capacity: 8M
 Heap Initial Capacity: 254M
 Heap Max Capacity: 2G
 Pre-touch: Disabled
 Parallel Workers: 10
 Concurrent Workers: 3
 Concurrent Refinement Workers: 10
 Periodic GC: Disabled

Heap:
 garbage-first heap   total 83968K, used 40120K [0x0000000080000000, 0x0000000100000000)
  region size 1024K, 29 young (29696K), 12 survivors (12288K)
 Metaspace       used 31189K, committed 31936K, reserved 1114112K
  class space    used 4048K, committed 4416K, reserved 1048576K

Heap Regions: E=young(eden), S=young(survivor), O=old, HS=humongous(starts), HC=humongous(continues), CS=collection set, F=free, TAMS=top-at-mark-start, PB=parsable bottom
|   0|0x0000000080000000, 0x0000000080100000, 0x0000000080100000|100%| O|Cm|TAMS 0x0000000080000000| PB 0x0000000080000000| Complete 
|   1|0x0000000080100000, 0x0000000080200000, 0x0000000080200000|100%|HS|  |TAMS 0x0000000080100000| PB 0x0000000080100000| Complete 
|   2|0x0000000080200000, 0x0000000080300000, 0x0000000080300000|100%|HC|  |TAMS 0x0000000080200000| PB 0x0000000080200000| Complete 
|   3|0x0000000080300000, 0x0000000080400000, 0x0000000080400000|100%|HC|  |TAMS 0x0000000080300000| PB 0x0000000080300000| Complete 
|   4|0x0000000080400000, 0x0000000080500000, 0x0000000080500000|100%| O|  |TAMS 0x0000000080400000| PB 0x0000000080400000| Untracked 
|   5|0x0000000080500000, 0x0000000080600000, 0x0000000080600000|100%| O|  |TAMS 0x0000000080500000| PB 0x0000000080500000| Untracked 
|   6|0x0000000080600000, 0x0000000080700000, 0x0000000080700000|100%| O|  |TAMS 0x0000000080600000| PB 0x0000000080600000| Untracked 
|   7|0x0000000080700000, 0x0000000080800000, 0x0000000080800000|100%|HS|  |TAMS 0x0000000080700000| PB 0x0000000080700000| Complete 
|   8|0x0000000080800000, 0x0000000080800000, 0x0000000080900000|  0%| F|  |TAMS 0x0000000080800000| PB 0x0000000080800000| Untracked 
|   9|0x0000000080900000, 0x0000000080a00000, 0x0000000080a00000|100%| O|  |TAMS 0x0000000080900000| PB 0x0000000080900000| Untracked 
|  10|0x0000000080a00000, 0x0000000080b00000, 0x0000000080b00000|100%| O|  |TAMS 0x0000000080a00000| PB 0x0000000080a00000| Untracked 
|  11|0x0000000080b00000, 0x0000000080c00000, 0x0000000080c00000|100%| O|  |TAMS 0x0000000080b00000| PB 0x0000000080b00000| Untracked 
|  12|0x0000000080c00000, 0x0000000080cf9ab8, 0x0000000080d00000| 97%| O|  |TAMS 0x0000000080c00000| PB 0x0000000080c00000| Untracked 
|  13|0x0000000080d00000, 0x0000000080d00000, 0x0000000080e00000|  0%| F|  |TAMS 0x0000000080d00000| PB 0x0000000080d00000| Untracked 
|  14|0x0000000080e00000, 0x0000000080e00000, 0x0000000080f00000|  0%| F|  |TAMS 0x0000000080e00000| PB 0x0000000080e00000| Untracked 
|  15|0x0000000080f00000, 0x0000000080f00000, 0x0000000081000000|  0%| F|  |TAMS 0x0000000080f00000| PB 0x0000000080f00000| Untracked 
|  16|0x0000000081000000, 0x0000000081000000, 0x0000000081100000|  0%| F|  |TAMS 0x0000000081000000| PB 0x0000000081000000| Untracked 
|  17|0x0000000081100000, 0x0000000081100000, 0x0000000081200000|  0%| F|  |TAMS 0x0000000081100000| PB 0x0000000081100000| Untracked 
|  18|0x0000000081200000, 0x0000000081200000, 0x0000000081300000|  0%| F|  |TAMS 0x0000000081200000| PB 0x0000000081200000| Untracked 
|  19|0x0000000081300000, 0x0000000081300000, 0x0000000081400000|  0%| F|  |TAMS 0x0000000081300000| PB 0x0000000081300000| Untracked 
|  20|0x0000000081400000, 0x0000000081400000, 0x0000000081500000|  0%| F|  |TAMS 0x0000000081400000| PB 0x0000000081400000| Untracked 
|  21|0x0000000081500000, 0x0000000081500000, 0x0000000081600000|  0%| F|  |TAMS 0x0000000081500000| PB 0x0000000081500000| Untracked 
|  22|0x0000000081600000, 0x0000000081600000, 0x0000000081700000|  0%| F|  |TAMS 0x0000000081600000| PB 0x0000000081600000| Untracked 
|  23|0x0000000081700000, 0x0000000081700000, 0x0000000081800000|  0%| F|  |TAMS 0x0000000081700000| PB 0x0000000081700000| Untracked 
|  24|0x0000000081800000, 0x0000000081800000, 0x0000000081900000|  0%| F|  |TAMS 0x0000000081800000| PB 0x0000000081800000| Untracked 
|  25|0x0000000081900000, 0x0000000081900000, 0x0000000081a00000|  0%| F|  |TAMS 0x0000000081900000| PB 0x0000000081900000| Untracked 
|  26|0x0000000081a00000, 0x0000000081a00000, 0x0000000081b00000|  0%| F|  |TAMS 0x0000000081a00000| PB 0x0000000081a00000| Untracked 
|  27|0x0000000081b00000, 0x0000000081b00000, 0x0000000081c00000|  0%| F|  |TAMS 0x0000000081b00000| PB 0x0000000081b00000| Untracked 
|  28|0x0000000081c00000, 0x0000000081c00000, 0x0000000081d00000|  0%| F|  |TAMS 0x0000000081c00000| PB 0x0000000081c00000| Untracked 
|  29|0x0000000081d00000, 0x0000000081d00000, 0x0000000081e00000|  0%| F|  |TAMS 0x0000000081d00000| PB 0x0000000081d00000| Untracked 
|  30|0x0000000081e00000, 0x0000000081e00000, 0x0000000081f00000|  0%| F|  |TAMS 0x0000000081e00000| PB 0x0000000081e00000| Untracked 
|  31|0x0000000081f00000, 0x0000000081f00000, 0x0000000082000000|  0%| F|  |TAMS 0x0000000081f00000| PB 0x0000000081f00000| Untracked 
|  32|0x0000000082000000, 0x0000000082000000, 0x0000000082100000|  0%| F|  |TAMS 0x0000000082000000| PB 0x0000000082000000| Untracked 
|  33|0x0000000082100000, 0x0000000082100000, 0x0000000082200000|  0%| F|  |TAMS 0x0000000082100000| PB 0x0000000082100000| Untracked 
|  34|0x0000000082200000, 0x0000000082200000, 0x0000000082300000|  0%| F|  |TAMS 0x0000000082200000| PB 0x0000000082200000| Untracked 
|  35|0x0000000082300000, 0x0000000082300000, 0x0000000082400000|  0%| F|  |TAMS 0x0000000082300000| PB 0x0000000082300000| Untracked 
|  36|0x0000000082400000, 0x0000000082400000, 0x0000000082500000|  0%| F|  |TAMS 0x0000000082400000| PB 0x0000000082400000| Untracked 
|  37|0x0000000082500000, 0x0000000082500000, 0x0000000082600000|  0%| F|  |TAMS 0x0000000082500000| PB 0x0000000082500000| Untracked 
|  38|0x0000000082600000, 0x0000000082600000, 0x0000000082700000|  0%| F|  |TAMS 0x0000000082600000| PB 0x0000000082600000| Untracked 
|  39|0x0000000082700000, 0x0000000082700000, 0x0000000082800000|  0%| F|  |TAMS 0x0000000082700000| PB 0x0000000082700000| Untracked 
|  40|0x0000000082800000, 0x0000000082800000, 0x0000000082900000|  0%| F|  |TAMS 0x0000000082800000| PB 0x0000000082800000| Untracked 
|  41|0x0000000082900000, 0x0000000082900000, 0x0000000082a00000|  0%| F|  |TAMS 0x0000000082900000| PB 0x0000000082900000| Untracked 
|  42|0x0000000082a00000, 0x0000000082a00000, 0x0000000082b00000|  0%| F|  |TAMS 0x0000000082a00000| PB 0x0000000082a00000| Untracked 
|  43|0x0000000082b00000, 0x0000000082b00000, 0x0000000082c00000|  0%| F|  |TAMS 0x0000000082b00000| PB 0x0000000082b00000| Untracked 
|  44|0x0000000082c00000, 0x0000000082c00000, 0x0000000082d00000|  0%| F|  |TAMS 0x0000000082c00000| PB 0x0000000082c00000| Untracked 
|  45|0x0000000082d00000, 0x0000000082d00000, 0x0000000082e00000|  0%| F|  |TAMS 0x0000000082d00000| PB 0x0000000082d00000| Untracked 
|  46|0x0000000082e00000, 0x0000000082e00000, 0x0000000082f00000|  0%| F|  |TAMS 0x0000000082e00000| PB 0x0000000082e00000| Untracked 
|  47|0x0000000082f00000, 0x0000000082f00000, 0x0000000083000000|  0%| F|  |TAMS 0x0000000082f00000| PB 0x0000000082f00000| Untracked 
|  48|0x0000000083000000, 0x0000000083000000, 0x0000000083100000|  0%| F|  |TAMS 0x0000000083000000| PB 0x0000000083000000| Untracked 
|  49|0x0000000083100000, 0x0000000083100000, 0x0000000083200000|  0%| F|  |TAMS 0x0000000083100000| PB 0x0000000083100000| Untracked 
|  50|0x0000000083200000, 0x0000000083200000, 0x0000000083300000|  0%| F|  |TAMS 0x0000000083200000| PB 0x0000000083200000| Untracked 
|  51|0x0000000083300000, 0x0000000083300000, 0x0000000083400000|  0%| F|  |TAMS 0x0000000083300000| PB 0x0000000083300000| Untracked 
|  52|0x0000000083400000, 0x0000000083400000, 0x0000000083500000|  0%| F|  |TAMS 0x0000000083400000| PB 0x0000000083400000| Untracked 
|  53|0x0000000083500000, 0x000000008357ac58, 0x0000000083600000| 47%| E|  |TAMS 0x0000000083500000| PB 0x0000000083500000| Complete 
|  54|0x0000000083600000, 0x0000000083700000, 0x0000000083700000|100%| E|CS|TAMS 0x0000000083600000| PB 0x0000000083600000| Complete 
|  55|0x0000000083700000, 0x0000000083800000, 0x0000000083800000|100%| E|CS|TAMS 0x0000000083700000| PB 0x0000000083700000| Complete 
|  56|0x0000000083800000, 0x0000000083900000, 0x0000000083900000|100%| E|CS|TAMS 0x0000000083800000| PB 0x0000000083800000| Complete 
|  57|0x0000000083900000, 0x0000000083a00000, 0x0000000083a00000|100%| E|CS|TAMS 0x0000000083900000| PB 0x0000000083900000| Complete 
|  58|0x0000000083a00000, 0x0000000083b00000, 0x0000000083b00000|100%| E|CS|TAMS 0x0000000083a00000| PB 0x0000000083a00000| Complete 
|  59|0x0000000083b00000, 0x0000000083c00000, 0x0000000083c00000|100%| S|CS|TAMS 0x0000000083b00000| PB 0x0000000083b00000| Complete 
|  60|0x0000000083c00000, 0x0000000083d00000, 0x0000000083d00000|100%| S|CS|TAMS 0x0000000083c00000| PB 0x0000000083c00000| Complete 
|  61|0x0000000083d00000, 0x0000000083e00000, 0x0000000083e00000|100%| S|CS|TAMS 0x0000000083d00000| PB 0x0000000083d00000| Complete 
|  62|0x0000000083e00000, 0x0000000083f00000, 0x0000000083f00000|100%| S|CS|TAMS 0x0000000083e00000| PB 0x0000000083e00000| Complete 
|  63|0x0000000083f00000, 0x0000000084000000, 0x0000000084000000|100%| S|CS|TAMS 0x0000000083f00000| PB 0x0000000083f00000| Complete 
|  64|0x0000000084000000, 0x0000000084100000, 0x0000000084100000|100%| S|CS|TAMS 0x0000000084000000| PB 0x0000000084000000| Complete 
|  65|0x0000000084100000, 0x0000000084200000, 0x0000000084200000|100%| S|CS|TAMS 0x0000000084100000| PB 0x0000000084100000| Complete 
|  66|0x0000000084200000, 0x0000000084300000, 0x0000000084300000|100%| S|CS|TAMS 0x0000000084200000| PB 0x0000000084200000| Complete 
|  67|0x0000000084300000, 0x0000000084400000, 0x0000000084400000|100%| S|CS|TAMS 0x0000000084300000| PB 0x0000000084300000| Complete 
|  68|0x0000000084400000, 0x0000000084500000, 0x0000000084500000|100%| S|CS|TAMS 0x0000000084400000| PB 0x0000000084400000| Complete 
|  69|0x0000000084500000, 0x0000000084600000, 0x0000000084600000|100%| S|CS|TAMS 0x0000000084500000| PB 0x0000000084500000| Complete 
|  70|0x0000000084600000, 0x0000000084634900, 0x0000000084700000| 20%| S|CS|TAMS 0x0000000084600000| PB 0x0000000084600000| Complete 
| 219|0x000000008db00000, 0x000000008dc00000, 0x000000008dc00000|100%| E|CS|TAMS 0x000000008db00000| PB 0x000000008db00000| Complete 
| 220|0x000000008dc00000, 0x000000008dd00000, 0x000000008dd00000|100%| E|CS|TAMS 0x000000008dc00000| PB 0x000000008dc00000| Complete 
| 221|0x000000008dd00000, 0x000000008de00000, 0x000000008de00000|100%| E|CS|TAMS 0x000000008dd00000| PB 0x000000008dd00000| Complete 
| 222|0x000000008de00000, 0x000000008df00000, 0x000000008df00000|100%| E|CS|TAMS 0x000000008de00000| PB 0x000000008de00000| Complete 
| 223|0x000000008df00000, 0x000000008e000000, 0x000000008e000000|100%| E|CS|TAMS 0x000000008df00000| PB 0x000000008df00000| Complete 
| 224|0x000000008e000000, 0x000000008e100000, 0x000000008e100000|100%| E|CS|TAMS 0x000000008e000000| PB 0x000000008e000000| Complete 
| 225|0x000000008e100000, 0x000000008e200000, 0x000000008e200000|100%| E|CS|TAMS 0x000000008e100000| PB 0x000000008e100000| Complete 
| 226|0x000000008e200000, 0x000000008e300000, 0x000000008e300000|100%| E|CS|TAMS 0x000000008e200000| PB 0x000000008e200000| Complete 
| 227|0x000000008e300000, 0x000000008e400000, 0x000000008e400000|100%| E|CS|TAMS 0x000000008e300000| PB 0x000000008e300000| Complete 
| 252|0x000000008fc00000, 0x000000008fd00000, 0x000000008fd00000|100%| E|CS|TAMS 0x000000008fc00000| PB 0x000000008fc00000| Complete 
| 253|0x000000008fd00000, 0x000000008fe00000, 0x000000008fe00000|100%| E|CS|TAMS 0x000000008fd00000| PB 0x000000008fd00000| Complete 

Card table byte_map: [0x000001b56d3a0000,0x000001b56d7a0000] _byte_map_base: 0x000001b56cfa0000

Marking Bits: (CMBitMap*) 0x000001b55a943f10
 Bits: [0x000001b56d7a0000, 0x000001b56f7a0000)

Polling page: 0x000001b5588e0000

Metaspace:

Usage:
  Non-class:     26.53 MB used.
      Class:      3.96 MB used.
       Both:     30.49 MB used.

Virtual space:
  Non-class space:       64.00 MB reserved,      26.88 MB ( 42%) committed,  1 nodes.
      Class space:        1.00 GB reserved,       4.31 MB ( <1%) committed,  1 nodes.
             Both:        1.06 GB reserved,      31.19 MB (  3%) committed. 

Chunk freelists:
   Non-Class:  4.33 MB
       Class:  11.72 MB
        Both:  16.05 MB

MaxMetaspaceSize: unlimited
CompressedClassSpaceSize: 1.00 GB
Initial GC threshold: 21.00 MB
Current GC threshold: 35.25 MB
CDS: off
 - commit_granule_bytes: 65536.
 - commit_granule_words: 8192.
 - virtual_space_node_default_size: 8388608.
 - enlarge_chunks_in_place: 1.
 - use_allocation_guard: 0.


Internal statistics:

num_allocs_failed_limit: 3.
num_arena_births: 1022.
num_arena_deaths: 0.
num_vsnodes_births: 2.
num_vsnodes_deaths: 0.
num_space_committed: 499.
num_space_uncommitted: 0.
num_chunks_returned_to_freelist: 3.
num_chunks_taken_from_freelist: 1923.
num_chunk_merges: 3.
num_chunk_splits: 1242.
num_chunks_enlarged: 808.
num_inconsistent_stats: 0.

CodeHeap 'non-profiled nmethods': size=120000Kb used=1699Kb max_used=1699Kb free=118300Kb
 bounds [0x000001b565520000, 0x000001b565790000, 0x000001b56ca50000]
CodeHeap 'profiled nmethods': size=120000Kb used=5988Kb max_used=5988Kb free=114011Kb
 bounds [0x000001b55da50000, 0x000001b55e030000, 0x000001b564f80000]
CodeHeap 'non-nmethods': size=5760Kb used=1481Kb max_used=1535Kb free=4278Kb
 bounds [0x000001b564f80000, 0x000001b5651f0000, 0x000001b565520000]
 total_blobs=3595 nmethods=3021 adapters=478
 compilation: enabled
              stopped_count=0, restarted_count=0
 full_count=0

Compilation events (20 events):
Event: 1.672 Thread 0x000001b572592e20 nmethod 2939 0x000001b55dffa510 code [0x000001b55dffa6a0, 0x000001b55dffa7e0]
Event: 1.672 Thread 0x000001b572592e20 2940       1       java.util.ArrayList$ArrayListSpliterator::characteristics (4 bytes)
Event: 1.672 Thread 0x000001b572592e20 nmethod 2940 0x000001b5656a4d10 code [0x000001b5656a4ea0, 0x000001b5656a4f68]
Event: 1.672 Thread 0x000001b572592e20 2941       1       org.gradle.internal.instantiation.generator.AbstractClassGenerator$MethodMetadata::access$1100 (5 bytes)
Event: 1.672 Thread 0x000001b572592e20 nmethod 2941 0x000001b5656a5010 code [0x000001b5656a51a0, 0x000001b5656a5250]
Event: 1.672 Thread 0x000001b572592e20 2943       3       java.util.stream.StreamOpFlag::combineOpFlags (9 bytes)
Event: 1.673 Thread 0x000001b572592e20 nmethod 2943 0x000001b55dffa890 code [0x000001b55dffaa40, 0x000001b55dffabf0]
Event: 1.673 Thread 0x000001b572592e20 2944       3       org.gradle.internal.instantiation.generator.AbstractClassGenerator$PropertyMetadata::isReadable (13 bytes)
Event: 1.673 Thread 0x000001b572592e20 nmethod 2944 0x000001b55dffac90 code [0x000001b55dffae20, 0x000001b55dffaf80]
Event: 1.673 Thread 0x000001b572592e20 2942       1       java.util.stream.MatchOps$BooleanTerminalSink::cancellationRequested (5 bytes)
Event: 1.673 Thread 0x000001b572592e20 nmethod 2942 0x000001b5656a5310 code [0x000001b5656a54a0, 0x000001b5656a5570]
Event: 1.673 Thread 0x000001b572592e20 2945       3       org.gradle.internal.instantiation.generator.AbstractClassGenerator$ClassGenerationHandler::visitInstanceMethod (1 bytes)
Event: 1.673 Thread 0x000001b572592e20 nmethod 2945 0x000001b55dffb010 code [0x000001b55dffb1a0, 0x000001b55dffb2a8]
Event: 1.673 Thread 0x000001b572592e20 2946       3       org.gradle.internal.reflect.MethodSet::add (50 bytes)
Event: 1.674 Thread 0x000001b572592e20 nmethod 2946 0x000001b55dffb310 code [0x000001b55dffb540, 0x000001b55dffbdb0]
Event: 1.674 Thread 0x000001b572592e20 2950       3       org.objectweb.asm.SymbolTable$Entry::<init> (17 bytes)
Event: 1.674 Thread 0x000001b572592e20 nmethod 2950 0x000001b55dffc090 code [0x000001b55dffc240, 0x000001b55dffc3c0]
Event: 1.674 Thread 0x000001b572592e20 2951       3       org.objectweb.asm.Frame::push (109 bytes)
Event: 1.674 Thread 0x000001b572592e20 nmethod 2951 0x000001b55dffc490 code [0x000001b55dffc660, 0x000001b55dffcb98]
Event: 1.674 Thread 0x000001b572592e20 2948       3       org.gradle.internal.instantiation.generator.AbstractClassGenerator$PropertyMetadata::getType (34 bytes)

GC Heap History (10 events):
Event: 0.262 GC heap before
{Heap before GC invocations=0 (full 0):
 garbage-first heap   total 260096K, used 22528K [0x0000000080000000, 0x0000000100000000)
  region size 1024K, 23 young (23552K), 0 survivors (0K)
 Metaspace       used 7991K, committed 8128K, reserved 1114112K
  class space    used 712K, committed 768K, reserved 1048576K
}
Event: 0.264 GC heap after
{Heap after GC invocations=1 (full 0):
 garbage-first heap   total 260096K, used 3369K [0x0000000080000000, 0x0000000100000000)
  region size 1024K, 3 young (3072K), 3 survivors (3072K)
 Metaspace       used 7991K, committed 8128K, reserved 1114112K
  class space    used 712K, committed 768K, reserved 1048576K
}
Event: 0.570 GC heap before
{Heap before GC invocations=1 (full 0):
 garbage-first heap   total 260096K, used 40233K [0x0000000080000000, 0x0000000100000000)
  region size 1024K, 37 young (37888K), 3 survivors (3072K)
 Metaspace       used 12164K, committed 12352K, reserved 1114112K
  class space    used 1278K, committed 1408K, reserved 1048576K
}
Event: 0.572 GC heap after
{Heap after GC invocations=2 (full 0):
 garbage-first heap   total 260096K, used 11533K [0x0000000080000000, 0x0000000100000000)
  region size 1024K, 5 young (5120K), 5 survivors (5120K)
 Metaspace       used 12164K, committed 12352K, reserved 1114112K
  class space    used 1278K, committed 1408K, reserved 1048576K
}
Event: 0.858 GC heap before
{Heap before GC invocations=2 (full 0):
 garbage-first heap   total 260096K, used 61709K [0x0000000080000000, 0x0000000100000000)
  region size 1024K, 52 young (53248K), 5 survivors (5120K)
 Metaspace       used 14236K, committed 14464K, reserved 1114112K
  class space    used 1560K, committed 1664K, reserved 1048576K
}
Event: 0.860 GC heap after
{Heap after GC invocations=3 (full 0):
 garbage-first heap   total 260096K, used 17883K [0x0000000080000000, 0x0000000100000000)
  region size 1024K, 6 young (6144K), 6 survivors (6144K)
 Metaspace       used 14236K, committed 14464K, reserved 1114112K
  class space    used 1560K, committed 1664K, reserved 1048576K
}
Event: 1.129 GC heap before
{Heap before GC invocations=3 (full 0):
 garbage-first heap   total 260096K, used 43483K [0x0000000080000000, 0x0000000100000000)
  region size 1024K, 32 young (32768K), 6 survivors (6144K)
 Metaspace       used 21178K, committed 21504K, reserved 1114112K
  class space    used 2439K, committed 2624K, reserved 1048576K
}
Event: 1.131 GC heap after
{Heap after GC invocations=4 (full 0):
 garbage-first heap   total 260096K, used 20807K [0x0000000080000000, 0x0000000100000000)
  region size 1024K, 9 young (9216K), 9 survivors (9216K)
 Metaspace       used 21178K, committed 21504K, reserved 1114112K
  class space    used 2439K, committed 2624K, reserved 1048576K
}
Event: 1.568 GC heap before
{Heap before GC invocations=5 (full 0):
 garbage-first heap   total 71680K, used 69959K [0x0000000080000000, 0x0000000100000000)
  region size 1024K, 58 young (59392K), 9 survivors (9216K)
 Metaspace       used 29157K, committed 29760K, reserved 1114112K
  class space    used 3702K, committed 4032K, reserved 1048576K
}
Event: 1.573 GC heap after
{Heap after GC invocations=6 (full 0):
 garbage-first heap   total 83968K, used 23736K [0x0000000080000000, 0x0000000100000000)
  region size 1024K, 12 young (12288K), 12 survivors (12288K)
 Metaspace       used 29157K, committed 29760K, reserved 1114112K
  class space    used 3702K, committed 4032K, reserved 1048576K
}

Dll operation events (3 events):
Event: 0.005 Loaded shared library C:\Program Files\Android\Android Studio\jbr\bin\java.dll
Event: 0.009 Loaded shared library C:\Program Files\Android\Android Studio\jbr\bin\zip.dll
Event: 0.292 Loaded shared library C:\Program Files\Android\Android Studio\jbr\bin\verify.dll

Deoptimization events (20 events):
Event: 1.339 Thread 0x000001b578a3a300 Uncommon trap: trap_request=0xffffff45 fr.pc=0x000001b5655b7e90 relative=0x0000000000000630
Event: 1.339 Thread 0x000001b578a3a300 Uncommon trap: reason=unstable_if action=reinterpret pc=0x000001b5655b7e90 method=java.io.File.getName()Ljava/lang/String; @ 16 c2
Event: 1.339 Thread 0x000001b578a3a300 DEOPT PACKING pc=0x000001b5655b7e90 sp=0x0000004b20afb6e0
Event: 1.339 Thread 0x000001b578a3a300 DEOPT UNPACKING pc=0x000001b564fd46a2 sp=0x0000004b20afb6b0 mode 2
Event: 1.364 Thread 0x000001b578a3a300 Uncommon trap: trap_request=0xffffff45 fr.pc=0x000001b56554c290 relative=0x00000000000000f0
Event: 1.364 Thread 0x000001b578a3a300 Uncommon trap: reason=unstable_if action=reinterpret pc=0x000001b56554c290 method=java.util.HashMap.hash(Ljava/lang/Object;)I @ 1 c2
Event: 1.364 Thread 0x000001b578a3a300 DEOPT PACKING pc=0x000001b56554c290 sp=0x0000004b20afc740
Event: 1.364 Thread 0x000001b578a3a300 DEOPT UNPACKING pc=0x000001b564fd46a2 sp=0x0000004b20afc680 mode 2
Event: 1.431 Thread 0x000001b578a3a300 DEOPT PACKING pc=0x000001b55deaa281 sp=0x0000004b20afcc00
Event: 1.431 Thread 0x000001b578a3a300 DEOPT UNPACKING pc=0x000001b564fd4e42 sp=0x0000004b20afc110 mode 0
Event: 1.472 Thread 0x000001b578a3a300 DEOPT PACKING pc=0x000001b55deaa2a2 sp=0x0000004b20afbc80
Event: 1.472 Thread 0x000001b578a3a300 DEOPT UNPACKING pc=0x000001b564fd4e42 sp=0x0000004b20afb190 mode 0
Event: 1.485 Thread 0x000001b578a3a300 DEOPT PACKING pc=0x000001b55deaa2a2 sp=0x0000004b20afbd50
Event: 1.485 Thread 0x000001b578a3a300 DEOPT UNPACKING pc=0x000001b564fd4e42 sp=0x0000004b20afb260 mode 0
Event: 1.492 Thread 0x000001b578a3a300 DEOPT PACKING pc=0x000001b55deaa2a2 sp=0x0000004b20afc430
Event: 1.492 Thread 0x000001b578a3a300 DEOPT UNPACKING pc=0x000001b564fd4e42 sp=0x0000004b20afb940 mode 0
Event: 1.669 Thread 0x000001b578a3a300 Uncommon trap: trap_request=0xffffff45 fr.pc=0x000001b565689a08 relative=0x00000000000000e8
Event: 1.669 Thread 0x000001b578a3a300 Uncommon trap: reason=unstable_if action=reinterpret pc=0x000001b565689a08 method=java.util.Arrays.equals([Ljava/lang/Object;[Ljava/lang/Object;)Z @ 44 c2
Event: 1.669 Thread 0x000001b578a3a300 DEOPT PACKING pc=0x000001b565689a08 sp=0x0000004b20afb8b0
Event: 1.669 Thread 0x000001b578a3a300 DEOPT UNPACKING pc=0x000001b564fd46a2 sp=0x0000004b20afb850 mode 2

Classes loaded (20 events):
Event: 1.523 Loading class java/io/ObjectOutputStream
Event: 1.523 Loading class java/io/ObjectOutput
Event: 1.523 Loading class java/io/ObjectOutput done
Event: 1.523 Loading class java/io/ObjectStreamConstants
Event: 1.523 Loading class java/io/ObjectStreamConstants done
Event: 1.523 Loading class java/io/ObjectOutputStream done
Event: 1.524 Loading class java/io/ObjectInputStream
Event: 1.524 Loading class java/io/ObjectInput
Event: 1.524 Loading class java/io/ObjectInput done
Event: 1.524 Loading class java/io/ObjectInputStream done
Event: 1.637 Loading class javax/xml/parsers/ParserConfigurationException
Event: 1.637 Loading class javax/xml/parsers/ParserConfigurationException done
Event: 1.637 Loading class org/xml/sax/SAXException
Event: 1.637 Loading class org/xml/sax/SAXException done
Event: 1.637 Loading class javax/xml/xpath/XPathExpressionException
Event: 1.637 Loading class javax/xml/xpath/XPathException
Event: 1.637 Loading class javax/xml/xpath/XPathException done
Event: 1.637 Loading class javax/xml/xpath/XPathExpressionException done
Event: 1.637 Loading class org/xml/sax/ErrorHandler
Event: 1.637 Loading class org/xml/sax/ErrorHandler done

Classes unloaded (0 events):
No events

Classes redefined (0 events):
No events

Internal exceptions (20 events):
Event: 1.364 Thread 0x000001b578a3a300 Implicit null exception at 0x000001b56554c1e6 to 0x000001b56554c286
Event: 1.372 Thread 0x000001b578a3a300 Exception <a 'java/lang/NoSuchMethodError'{0x00000000822fcfa8}: 'int java.lang.invoke.DirectMethodHandle$Holder.invokeStatic(java.lang.Object, java.lang.Object, java.lang.Object, java.lang.Object)'> (0x00000000822fcfa8) 
thrown [s\src\hotspot\share\interpreter\linkResolver.cpp, line 784]
Event: 1.393 Thread 0x000001b578a3a300 Exception <a 'java/lang/NoSuchMethodError'{0x00000000820da300}: 'java.lang.Object java.lang.invoke.DelegatingMethodHandle$Holder.reinvoke_L(java.lang.Object, java.lang.Object, java.lang.Object, java.lang.Object, java.lang.Object, java.lang.Object, java.lang.Object, java.lang.Object, java.lang.Object, java.lang.Object, java.lang.Object, java.lang.Object, java.lang.Object, java.lang.Object, java.lang.Object, java.lang.Object, java.lang.Object, java.lang.Object, java.lang.Object, java.lang.Object, java.lang.O
Event: 1.395 Thread 0x000001b578a3a300 Exception <a 'java/lang/NoSuchMethodError'{0x0000000081f482d8}: 'java.lang.Object java.lang.invoke.DirectMethodHandle$Holder.invokeStatic(java.lang.Object, java.lang.Object, java.lang.Object, java.lang.Object, java.lang.Object, java.lang.Object, java.lang.Object, java.lang.Object, java.lang.Object, java.lang.Object, java.lang.Object, java.lang.Object, java.lang.Object, java.lang.Object, java.lang.Object, java.lang.Object, java.lang.Object)'> (0x0000000081f482d8) 
thrown [s\src\hotspot\share\interpreter\lin
Event: 1.395 Thread 0x000001b578a3a300 Exception <a 'java/lang/NoSuchMethodError'{0x0000000081f710a0}: 'java.lang.Object java.lang.invoke.DirectMethodHandle$Holder.invokeStatic(java.lang.Object, java.lang.Object, java.lang.Object, java.lang.Object, java.lang.Object, java.lang.Object, java.lang.Object, java.lang.Object, java.lang.Object, java.lang.Object, java.lang.Object, java.lang.Object, java.lang.Object, java.lang.Object, java.lang.Object, java.lang.Object, java.lang.Object, java.lang.Object)'> (0x0000000081f710a0) 
thrown [s\src\hotspot\sha
Event: 1.396 Thread 0x000001b578a3a300 Exception <a 'java/lang/NoSuchMethodError'{0x0000000081f9b3e0}: 'java.lang.Object java.lang.invoke.DirectMethodHandle$Holder.invokeStatic(java.lang.Object, java.lang.Object, java.lang.Object, java.lang.Object, java.lang.Object, java.lang.Object, java.lang.Object, java.lang.Object, java.lang.Object, java.lang.Object, java.lang.Object, java.lang.Object, java.lang.Object, java.lang.Object, java.lang.Object, java.lang.Object, java.lang.Object, java.lang.Object, java.lang.Object)'> (0x0000000081f9b3e0) 
thrown 
Event: 1.397 Thread 0x000001b578a3a300 Exception <a 'java/lang/NoSuchMethodError'{0x0000000081fc68d0}: 'java.lang.Object java.lang.invoke.DirectMethodHandle$Holder.invokeStatic(java.lang.Object, java.lang.Object, java.lang.Object, java.lang.Object, java.lang.Object, java.lang.Object, java.lang.Object, java.lang.Object, java.lang.Object, java.lang.Object, java.lang.Object, java.lang.Object, java.lang.Object, java.lang.Object, java.lang.Object, java.lang.Object, java.lang.Object, java.lang.Object, java.lang.Object, java.lang.Object)'> (0x00000000
Event: 1.398 Thread 0x000001b578a3a300 Exception <a 'java/lang/NoSuchMethodError'{0x0000000081ff2fd0}: 'java.lang.Object java.lang.invoke.DirectMethodHandle$Holder.invokeStatic(java.lang.Object, java.lang.Object, java.lang.Object, java.lang.Object, java.lang.Object, java.lang.Object, java.lang.Object, java.lang.Object, java.lang.Object, java.lang.Object, java.lang.Object, java.lang.Object, java.lang.Object, java.lang.Object, java.lang.Object, java.lang.Object, java.lang.Object, java.lang.Object, java.lang.Object, java.lang.Object, java.lang.Obj
Event: 1.399 Thread 0x000001b578a3a300 Exception <a 'java/lang/NoSuchMethodError'{0x0000000081e214b0}: 'java.lang.Object java.lang.invoke.DirectMethodHandle$Holder.invokeStatic(java.lang.Object, java.lang.Object, java.lang.Object, java.lang.Object, java.lang.Object, java.lang.Object, java.lang.Object, java.lang.Object, java.lang.Object, java.lang.Object, java.lang.Object, java.lang.Object, java.lang.Object, java.lang.Object, java.lang.Object, java.lang.Object, java.lang.Object, java.lang.Object, java.lang.Object, java.lang.Object, java.lang.Obj
Event: 1.399 Thread 0x000001b578a3a300 Exception <a 'java/lang/NoSuchMethodError'{0x0000000081e4f7a8}: 'java.lang.Object java.lang.invoke.DirectMethodHandle$Holder.invokeStatic(java.lang.Object, java.lang.Object, java.lang.Object, java.lang.Object, java.lang.Object, java.lang.Object, java.lang.Object, java.lang.Object, java.lang.Object, java.lang.Object, java.lang.Object, java.lang.Object, java.lang.Object, java.lang.Object, java.lang.Object, java.lang.Object, java.lang.Object, java.lang.Object, java.lang.Object, java.lang.Object, java.lang.Obj
Event: 1.400 Thread 0x000001b578a3a300 Exception <a 'java/lang/NoSuchMethodError'{0x0000000081e80578}: 'java.lang.Object java.lang.invoke.DirectMethodHandle$Holder.invokeStatic(java.lang.Object, java.lang.Object, java.lang.Object, java.lang.Object, java.lang.Object, java.lang.Object, java.lang.Object, java.lang.Object, java.lang.Object, java.lang.Object, java.lang.Object, java.lang.Object, java.lang.Object, java.lang.Object, java.lang.Object, java.lang.Object, java.lang.Object, java.lang.Object, java.lang.Object, java.lang.Object, java.lang.Obj
Event: 1.401 Thread 0x000001b578a3a300 Exception <a 'java/lang/NoSuchMethodError'{0x0000000081eb0358}: 'java.lang.Object java.lang.invoke.DirectMethodHandle$Holder.invokeStatic(java.lang.Object, java.lang.Object, java.lang.Object, java.lang.Object, java.lang.Object, java.lang.Object, java.lang.Object, java.lang.Object, java.lang.Object, java.lang.Object, java.lang.Object, java.lang.Object, java.lang.Object, java.lang.Object, java.lang.Object, java.lang.Object, java.lang.Object, java.lang.Object, java.lang.Object, java.lang.Object, java.lang.Obj
Event: 1.402 Thread 0x000001b578a3a300 Exception <a 'java/lang/NoSuchMethodError'{0x0000000081ee1a98}: 'java.lang.Object java.lang.invoke.DirectMethodHandle$Holder.invokeStatic(java.lang.Object, java.lang.Object, java.lang.Object, java.lang.Object, java.lang.Object, java.lang.Object, java.lang.Object, java.lang.Object, java.lang.Object, java.lang.Object, java.lang.Object, java.lang.Object, java.lang.Object, java.lang.Object, java.lang.Object, java.lang.Object, java.lang.Object, java.lang.Object, java.lang.Object, java.lang.Object, java.lang.Obj
Event: 1.412 Thread 0x000001b578a3a300 Exception <a 'java/lang/IncompatibleClassChangeError'{0x0000000081ddcb98}: Found class java.lang.Object, but interface was expected> (0x0000000081ddcb98) 
thrown [s\src\hotspot\share\interpreter\linkResolver.cpp, line 851]
Event: 1.516 Thread 0x000001b578a3a300 Exception <a 'java/lang/IncompatibleClassChangeError'{0x00000000812b8290}: Found class java.lang.Object, but interface was expected> (0x00000000812b8290) 
thrown [s\src\hotspot\share\interpreter\linkResolver.cpp, line 851]
Event: 1.518 Thread 0x000001b578a3a300 Exception <a 'java/lang/NoSuchMethodError'{0x00000000812e16b0}: 'java.lang.Object java.lang.invoke.DirectMethodHandle$Holder.newInvokeSpecial(java.lang.Object, java.lang.Object, java.lang.Object, java.lang.Object, java.lang.Object, java.lang.Object, java.lang.Object, java.lang.Object, java.lang.Object, java.lang.Object)'> (0x00000000812e16b0) 
thrown [s\src\hotspot\share\interpreter\linkResolver.cpp, line 784]
Event: 1.528 Thread 0x000001b578a3a300 Exception <a 'java/lang/NoSuchMethodError'{0x00000000811f5920}: 'java.lang.Object java.lang.invoke.DirectMethodHandle$Holder.newInvokeSpecial(java.lang.Object, java.lang.Object, java.lang.Object, java.lang.Object, java.lang.Object, java.lang.Object, java.lang.Object, java.lang.Object)'> (0x00000000811f5920) 
thrown [s\src\hotspot\share\interpreter\linkResolver.cpp, line 784]
Event: 1.534 Thread 0x000001b578a3a300 Exception <a 'java/lang/NoSuchMethodError'{0x00000000810a6da8}: 'int java.lang.invoke.DirectMethodHandle$Holder.invokeStaticInit(java.lang.Object, java.lang.Object, java.lang.Object)'> (0x00000000810a6da8) 
thrown [s\src\hotspot\share\interpreter\linkResolver.cpp, line 784]
Event: 1.587 Thread 0x000001b578a3a300 Exception <a 'java/lang/NoSuchMethodError'{0x000000008fcdda68}: 'java.lang.Object java.lang.invoke.DirectMethodHandle$Holder.invokeVirtual(java.lang.Object, java.lang.Object, java.lang.Object, java.lang.Object, java.lang.Object, java.lang.Object, java.lang.Object, java.lang.Object, java.lang.Object, java.lang.Object, java.lang.Object, java.lang.Object, java.lang.Object, java.lang.Object, java.lang.Object, java.lang.Object, java.lang.Object, java.lang.Object, java.lang.Object, java.lang.Object, java.lang.Ob
Event: 1.592 Thread 0x000001b578a3a300 Exception <a 'java/lang/NoSuchMethodError'{0x000000008e350f78}: 'java.lang.Object java.lang.invoke.DirectMethodHandle$Holder.invokeSpecial(java.lang.Object, java.lang.Object, java.lang.Object, java.lang.Object, java.lang.Object, java.lang.Object, java.lang.Object, java.lang.Object, java.lang.Object, java.lang.Object, java.lang.Object, java.lang.Object, java.lang.Object, java.lang.Object, java.lang.Object, java.lang.Object, java.lang.Object, java.lang.Object, java.lang.Object, java.lang.Object, java.lang.Ob

ZGC Phase Switch (0 events):
No events

VM Operations (20 events):
Event: 1.023 Executing VM operation: HandshakeAllThreads (Deoptimize)
Event: 1.023 Executing VM operation: HandshakeAllThreads (Deoptimize) done
Event: 1.052 Executing VM operation: HandshakeAllThreads (Deoptimize)
Event: 1.052 Executing VM operation: HandshakeAllThreads (Deoptimize) done
Event: 1.129 Executing VM operation: CollectForMetadataAllocation (Metadata GC Threshold)
Event: 1.131 Executing VM operation: CollectForMetadataAllocation (Metadata GC Threshold) done
Event: 1.133 Executing VM operation: G1PauseRemark
Event: 1.134 Executing VM operation: G1PauseRemark done
Event: 1.135 Executing VM operation: G1PauseCleanup
Event: 1.135 Executing VM operation: G1PauseCleanup done
Event: 1.302 Executing VM operation: HandshakeAllThreads (Deoptimize)
Event: 1.302 Executing VM operation: HandshakeAllThreads (Deoptimize) done
Event: 1.405 Executing VM operation: HandshakeAllThreads (Deoptimize)
Event: 1.405 Executing VM operation: HandshakeAllThreads (Deoptimize) done
Event: 1.405 Executing VM operation: HandshakeAllThreads (Deoptimize)
Event: 1.405 Executing VM operation: HandshakeAllThreads (Deoptimize) done
Event: 1.530 Executing VM operation: ICBufferFull
Event: 1.530 Executing VM operation: ICBufferFull done
Event: 1.568 Executing VM operation: G1CollectForAllocation (G1 Evacuation Pause)
Event: 1.573 Executing VM operation: G1CollectForAllocation (G1 Evacuation Pause) done

Memory protections (0 events):
No events

Nmethod flushes (0 events):
No events

Events (20 events):
Event: 0.225 Loaded shared library C:\Program Files\Android\Android Studio\jbr\bin\jimage.dll
Event: 0.355 Loaded shared library C:\Users\illar\.gradle\native\c067742578af261105cb4f569cf0c3c89f3d7b1fecec35dd04571415982c5e48\windows-amd64\native-platform.dll
Event: 0.367 Loaded shared library C:\Users\illar\.gradle\native\100fb08df4bc3b14c8652ba06237920a3bd2aa13389f12d3474272988ae205f9\windows-amd64\native-platform-file-events.dll
Event: 0.889 Loaded shared library C:\Program Files\Android\Android Studio\jbr\bin\management.dll
Event: 0.891 Loaded shared library C:\Program Files\Android\Android Studio\jbr\bin\management_ext.dll
Event: 0.907 Thread 0x000001b558663530 Thread added: 0x000001b578a3a990
Event: 0.988 Loaded shared library C:\Program Files\Android\Android Studio\jbr\bin\extnet.dll
Event: 1.008 Thread 0x000001b558663530 Thread added: 0x000001b578a388c0
Event: 1.043 Thread 0x000001b558663530 Thread added: 0x000001b578a38230
Event: 1.067 Thread 0x000001b578a388c0 Thread added: 0x000001b578a38f50
Event: 1.069 Thread 0x000001b578a38f50 Thread added: 0x000001b578a395e0
Event: 1.083 Thread 0x000001b578a38f50 Thread added: 0x000001b578a37ba0
Event: 1.088 Thread 0x000001b578a38f50 Thread added: 0x000001b578a3a300
Event: 1.092 Thread 0x000001b578a3a300 Thread added: 0x000001b578c48920
Event: 1.095 Thread 0x000001b578a3a300 Thread added: 0x000001b578c46ee0
Event: 1.096 Thread 0x000001b578a3a300 Thread added: 0x000001b578c46850
Event: 1.302 Thread 0x000001b578a3a300 Thread added: 0x000001b578c47570
Event: 1.307 Thread 0x000001b578a3a300 Thread added: 0x000001b578c47c00
Event: 1.322 Thread 0x000001b578a3a300 Thread added: 0x000001b578c48290
Event: 1.624 Thread 0x000001b578a3a300 Thread added: 0x000001b578c426b0


Dynamic libraries:
0x00007ff6a0ff0000 - 0x00007ff6a0ffa000 	C:\Program Files\Android\Android Studio\jbr\bin\java.exe
0x00007ffddf270000 - 0x00007ffddf468000 	C:\WINDOWS\SYSTEM32\ntdll.dll
0x00007ffdde770000 - 0x00007ffdde832000 	C:\WINDOWS\System32\KERNEL32.DLL
0x00007ffddcee0000 - 0x00007ffddd1d6000 	C:\WINDOWS\System32\KERNELBASE.dll
0x00007ffddca50000 - 0x00007ffddcb50000 	C:\WINDOWS\System32\ucrtbase.dll
0x00007ffda8d10000 - 0x00007ffda8d2b000 	C:\Program Files\Android\Android Studio\jbr\bin\VCRUNTIME140.dll
0x00007ffdbe8e0000 - 0x00007ffdbe8f8000 	C:\Program Files\Android\Android Studio\jbr\bin\jli.dll
0x00007ffddef70000 - 0x00007ffddf10d000 	C:\WINDOWS\System32\USER32.dll
0x00007ffddc900000 - 0x00007ffddc922000 	C:\WINDOWS\System32\win32u.dll
0x00007ffdcc740000 - 0x00007ffdcc9da000 	C:\WINDOWS\WinSxS\amd64_microsoft.windows.common-controls_6595b64144ccf1df_6.0.19041.4355_none_60b8b9eb71f62e16\COMCTL32.dll
0x00007ffddd970000 - 0x00007ffddd99b000 	C:\WINDOWS\System32\GDI32.dll
0x00007ffddf190000 - 0x00007ffddf22e000 	C:\WINDOWS\System32\msvcrt.dll
0x00007ffddc930000 - 0x00007ffddca4a000 	C:\WINDOWS\System32\gdi32full.dll
0x00007ffddcc90000 - 0x00007ffddcd2d000 	C:\WINDOWS\System32\msvcp_win.dll
0x00007ffdde840000 - 0x00007ffdde86f000 	C:\WINDOWS\System32\IMM32.DLL
0x00007ffda9950000 - 0x00007ffda995c000 	C:\Program Files\Android\Android Studio\jbr\bin\vcruntime140_1.dll
0x00007ffd93cf0000 - 0x00007ffd93d7d000 	C:\Program Files\Android\Android Studio\jbr\bin\msvcp140.dll
0x00007ffd58150000 - 0x00007ffd58dda000 	C:\Program Files\Android\Android Studio\jbr\bin\server\jvm.dll
0x00007ffddd9a0000 - 0x00007ffddda4f000 	C:\WINDOWS\System32\ADVAPI32.dll
0x00007ffdddcf0000 - 0x00007ffdddd8f000 	C:\WINDOWS\System32\sechost.dll
0x00007ffdde8d0000 - 0x00007ffdde9f3000 	C:\WINDOWS\System32\RPCRT4.dll
0x00007ffddd1e0000 - 0x00007ffddd207000 	C:\WINDOWS\System32\bcrypt.dll
0x00007ffdddeb0000 - 0x00007ffdddf1b000 	C:\WINDOWS\System32\WS2_32.dll
0x00007ffddbda0000 - 0x00007ffddbdeb000 	C:\WINDOWS\SYSTEM32\POWRPROF.dll
0x00007ffdd6660000 - 0x00007ffdd666a000 	C:\WINDOWS\SYSTEM32\VERSION.dll
0x00007ffdd2350000 - 0x00007ffdd2377000 	C:\WINDOWS\SYSTEM32\WINMM.dll
0x00007ffddbc60000 - 0x00007ffddbc72000 	C:\WINDOWS\SYSTEM32\UMPDC.dll
0x00007ffddac20000 - 0x00007ffddac32000 	C:\WINDOWS\SYSTEM32\kernel.appcore.dll
0x00007ffda9940000 - 0x00007ffda994a000 	C:\Program Files\Android\Android Studio\jbr\bin\jimage.dll
0x00007ffdd9fb0000 - 0x00007ffdda194000 	C:\WINDOWS\SYSTEM32\DBGHELP.DLL
0x00007ffdaab80000 - 0x00007ffdaabb4000 	C:\WINDOWS\SYSTEM32\dbgcore.DLL
0x00007ffddcb50000 - 0x00007ffddcbd2000 	C:\WINDOWS\System32\bcryptPrimitives.dll
0x00007ffdc55d0000 - 0x00007ffdc55de000 	C:\Program Files\Android\Android Studio\jbr\bin\instrument.dll
0x00007ffda8ab0000 - 0x00007ffda8ad0000 	C:\Program Files\Android\Android Studio\jbr\bin\java.dll
0x00007ffda5f40000 - 0x00007ffda5f58000 	C:\Program Files\Android\Android Studio\jbr\bin\zip.dll
0x00007ffdde000000 - 0x00007ffdde76f000 	C:\WINDOWS\System32\SHELL32.dll
0x00007ffdda460000 - 0x00007ffddac03000 	C:\WINDOWS\SYSTEM32\windows.storage.dll
0x00007ffddeb30000 - 0x00007ffddee85000 	C:\WINDOWS\System32\combase.dll
0x00007ffddc220000 - 0x00007ffddc24b000 	C:\WINDOWS\SYSTEM32\Wldp.dll
0x00007ffddd370000 - 0x00007ffddd43d000 	C:\WINDOWS\System32\OLEAUT32.dll
0x00007ffddeec0000 - 0x00007ffddef6d000 	C:\WINDOWS\System32\SHCORE.dll
0x00007ffddf110000 - 0x00007ffddf165000 	C:\WINDOWS\System32\shlwapi.dll
0x00007ffddc830000 - 0x00007ffddc855000 	C:\WINDOWS\SYSTEM32\profapi.dll
0x00007ffda88d0000 - 0x00007ffda88e0000 	C:\Program Files\Android\Android Studio\jbr\bin\net.dll
0x00007ffdd6830000 - 0x00007ffdd693a000 	C:\WINDOWS\SYSTEM32\WINHTTP.dll
0x00007ffddbfd0000 - 0x00007ffddc03c000 	C:\WINDOWS\system32\mswsock.dll
0x00007ffda51e0000 - 0x00007ffda51f6000 	C:\Program Files\Android\Android Studio\jbr\bin\nio.dll
0x00007ffda3820000 - 0x00007ffda3830000 	C:\Program Files\Android\Android Studio\jbr\bin\verify.dll
0x00007ffdb4890000 - 0x00007ffdb48b7000 	C:\Users\illar\.gradle\native\c067742578af261105cb4f569cf0c3c89f3d7b1fecec35dd04571415982c5e48\windows-amd64\native-platform.dll
0x00007ffd71710000 - 0x00007ffd71854000 	C:\Users\illar\.gradle\native\100fb08df4bc3b14c8652ba06237920a3bd2aa13389f12d3474272988ae205f9\windows-amd64\native-platform-file-events.dll
0x00007ffda5110000 - 0x00007ffda5119000 	C:\Program Files\Android\Android Studio\jbr\bin\management.dll
0x00007ffda3840000 - 0x00007ffda384b000 	C:\Program Files\Android\Android Studio\jbr\bin\management_ext.dll
0x00007ffddee90000 - 0x00007ffddee98000 	C:\WINDOWS\System32\PSAPI.DLL
0x00007ffddc260000 - 0x00007ffddc278000 	C:\WINDOWS\SYSTEM32\CRYPTSP.dll
0x00007ffddc170000 - 0x00007ffddc187000 	C:\Program Files\Common Files\Crypto Pro\AppCompat\cpadvai.dll
0x00007ffddb8a0000 - 0x00007ffddb8d8000 	C:\WINDOWS\system32\rsaenh.dll
0x00007ffddc7b0000 - 0x00007ffddc7de000 	C:\WINDOWS\SYSTEM32\USERENV.dll
0x00007ffddc190000 - 0x00007ffddc19c000 	C:\WINDOWS\SYSTEM32\CRYPTBASE.dll
0x00007ffddbc80000 - 0x00007ffddbcbb000 	C:\WINDOWS\SYSTEM32\IPHLPAPI.DLL
0x00007ffddeea0000 - 0x00007ffddeea8000 	C:\WINDOWS\System32\NSI.dll
0x00007ffda51a0000 - 0x00007ffda51a9000 	C:\Program Files\Android\Android Studio\jbr\bin\extnet.dll
0x00007ffda56f0000 - 0x00007ffda56f7000 	C:\WINDOWS\system32\wshunix.dll

dbghelp: loaded successfully - version: 4.0.5 - missing functions: none
symbol engine: initialized successfully - sym options: 0x614 - pdb path: .;C:\Program Files\Android\Android Studio\jbr\bin;C:\WINDOWS\SYSTEM32;C:\WINDOWS\WinSxS\amd64_microsoft.windows.common-controls_6595b64144ccf1df_6.0.19041.4355_none_60b8b9eb71f62e16;C:\Program Files\Android\Android Studio\jbr\bin\server;C:\Users\illar\.gradle\native\c067742578af261105cb4f569cf0c3c89f3d7b1fecec35dd04571415982c5e48\windows-amd64;C:\Users\illar\.gradle\native\100fb08df4bc3b14c8652ba06237920a3bd2aa13389f12d3474272988ae205f9\windows-amd64;C:\Program Files\Common Files\Crypto Pro\AppCompat

VM Arguments:
jvm_args: --add-opens=java.base/java.lang=ALL-UNNAMED --add-opens=java.base/java.lang.invoke=ALL-UNNAMED --add-opens=java.base/java.util=ALL-UNNAMED --add-opens=java.prefs/java.util.prefs=ALL-UNNAMED --add-exports=jdk.compiler/com.sun.tools.javac.api=ALL-UNNAMED --add-exports=jdk.compiler/com.sun.tools.javac.util=ALL-UNNAMED --add-opens=java.base/java.util=ALL-UNNAMED --add-opens=java.prefs/java.util.prefs=ALL-UNNAMED --add-opens=java.base/java.nio.charset=ALL-UNNAMED --add-opens=java.base/java.net=ALL-UNNAMED --add-opens=java.base/java.util.concurrent.atomic=ALL-UNNAMED --add-opens=java.xml/javax.xml.namespace=ALL-UNNAMED -Xmx2048m -Dfile.encoding=UTF-8 -Duser.country=RU -Duser.language=ru -Duser.variant -javaagent:C:\Users\illar\.gradle\wrapper\dists\gradle-8.11.1-bin\bpt9gzteqjrbo1mjrsomdt32c\gradle-8.11.1\lib\agents\gradle-instrumentation-agent-8.11.1.jar 
java_command: org.gradle.launcher.daemon.bootstrap.GradleDaemon 8.11.1
java_class_path (initial): C:\Users\illar\.gradle\wrapper\dists\gradle-8.11.1-bin\bpt9gzteqjrbo1mjrsomdt32c\gradle-8.11.1\lib\gradle-daemon-main-8.11.1.jar
Launcher Type: SUN_STANDARD

[Global flags]
     intx CICompilerCount                          = 4                                         {product} {ergonomic}
     uint ConcGCThreads                            = 3                                         {product} {ergonomic}
     uint G1ConcRefinementThreads                  = 10                                        {product} {ergonomic}
   size_t G1HeapRegionSize                         = 1048576                                   {product} {ergonomic}
    uintx GCDrainStackTargetSize                   = 64                                        {product} {ergonomic}
   size_t InitialHeapSize                          = 266338304                                 {product} {ergonomic}
   size_t MarkStackSize                            = 4194304                                   {product} {ergonomic}
   size_t MaxHeapSize                              = 2147483648                                {product} {command line}
   size_t MaxNewSize                               = 1287651328                                {product} {ergonomic}
   size_t MinHeapDeltaBytes                        = 1048576                                   {product} {ergonomic}
   size_t MinHeapSize                              = 8388608                                   {product} {ergonomic}
    uintx NonNMethodCodeHeapSize                   = 5839372                                {pd product} {ergonomic}
    uintx NonProfiledCodeHeapSize                  = 122909434                              {pd product} {ergonomic}
    uintx ProfiledCodeHeapSize                     = 122909434                              {pd product} {ergonomic}
    uintx ReservedCodeCacheSize                    = 251658240                              {pd product} {ergonomic}
     bool SegmentedCodeCache                       = true                                      {product} {ergonomic}
   size_t SoftMaxHeapSize                          = 2147483648                             {manageable} {ergonomic}
     bool UseCompressedOops                        = true                           {product lp64_product} {ergonomic}
     bool UseG1GC                                  = true                                      {product} {ergonomic}
     bool UseLargePagesIndividualAllocation        = false                                  {pd product} {ergonomic}

Logging:
Log output configuration:
 #0: stdout all=warning uptime,level,tags foldmultilines=false
 #1: stderr all=off uptime,level,tags foldmultilines=false

Environment Variables:
PATH=C:\Program Files\Common Files\Oracle\Java\javapath;C:\ProgramData\Oracle\Java\javapath;C:\Program Files (x86)\Common Files\Intel\Shared Libraries\redist\intel64\compiler;C:\Windows\system32;C:\Windows;C:\Windows\System32\Wbem;C:\Windows\System32\WindowsPowerShell\v1.0\;C:\WINDOWS\system32;C:\WINDOWS;C:\WINDOWS\System32\Wbem;C:\WINDOWS\System32\WindowsPowerShell\v1.0\;C:\WINDOWS\System32\OpenSSH\;C:\Program Files (x86)\NVIDIA Corporation\PhysX\Common;C:\WINDOWS\system32;C:\WINDOWS;C:\WINDOWS\System32\Wbem;C:\WINDOWS\System32\WindowsPowerShell\v1.0\;C:\WINDOWS\System32\OpenSSH\;C:\Program Files\dotnet\;C:\php;C:\Program Files\AmneziaWG\;C:\Program Files\WireGuard\;C:\Program Files\Git\cmd;C:\Users\illar\AppData\Roaming\npm\;C:\Program Files\NVIDIA Corporation\NVIDIA app\NvDLISR;C:\Users\illar\AppData\Local\Programs\Python\Python310\Scripts\;C:\Users\illar\AppData\Local\Programs\Python\Python310\;C:\Users\illar\AppData\Local\Microsoft\WindowsApps;C:\Program Files\JetBrains\IntelliJ IDEA Community Edition 2022.2.3\bin;;C:\Users\illar\.dotnet\tools;C:\Users\illar\AppData\Local\GitHubDesktop\bin;C:\Program Files\JetBrains\PyCharm 2024.1.4\bin;;C:\Users\illar\AppData\Roaming\npm
USERNAME=illar
OS=Windows_NT
PROCESSOR_IDENTIFIER=Intel64 Family 6 Model 151 Stepping 5, GenuineIntel
TMP=C:\Users\illar\AppData\Local\Temp
TEMP=C:\Users\illar\AppData\Local\Temp




Periodic native trim disabled

JNI global refs:
JNI global refs: 24, weak refs: 0

JNI global refs memory usage: 835, weak refs: 833

Process memory usage:
Resident Set Size: 241932K (1% of 16633712K total physical memory with 5698232K free physical memory)

OOME stack traces (most recent first):
Classloader memory used:
Loader bootstrap                                                                       : 16579K
Loader org.gradle.internal.classloader.VisitableURLClassLoader                         : 12467K
Loader org.gradle.initialization.MixInLegacyTypesClassLoader                           : 1917K
Loader jdk.internal.loader.ClassLoaders$AppClassLoader                                 : 234K
Loader jdk.internal.loader.ClassLoaders$PlatformClassLoader                            : 146K

Classes loaded by more than one classloader:
Class org.gradle.internal.classloader.FilteringClassLoader                            : loaded 2 times (x 101B)
Class org.gradle.internal.classloader.ClassLoaderHierarchy                            : loaded 2 times (x 66B)
Class org.gradle.api.internal.classpath.ManifestUtil                                  : loaded 2 times (x 67B)
Class org.gradle.internal.classloader.DefaultClassLoaderFactory                       : loaded 2 times (x 78B)
Class org.gradle.internal.classloader.ClassLoaderVisitor                              : loaded 2 times (x 72B)
Class org.gradle.api.internal.classpath.EffectiveClassPath                            : loaded 2 times (x 86B)
Class org.gradle.api.internal.DefaultClassPathProvider                                : loaded 2 times (x 72B)
Class [Lorg.gradle.api.internal.ClassPathProvider;                                    : loaded 2 times (x 65B)
Class org.gradle.api.internal.ClassPathProvider                                       : loaded 2 times (x 66B)
Class org.gradle.internal.service.UnknownServiceException                             : loaded 2 times (x 79B)
Class org.gradle.internal.classpath.TransformedClassPath                              : loaded 2 times (x 92B)
Class org.gradle.internal.classloader.InstrumentingClassLoader                        : loaded 2 times (x 66B)
Class org.gradle.internal.service.ServiceLocator                                      : loaded 2 times (x 66B)
Class org.gradle.internal.InternalTransformer                                         : loaded 2 times (x 66B)
Class org.gradle.internal.classloader.ClasspathUtil$1                                 : loaded 2 times (x 72B)
Class org.gradle.api.internal.classpath.DefaultModuleRegistry$DefaultModule           : loaded 2 times (x 82B)
Class org.gradle.api.internal.classpath.Module                                        : loaded 2 times (x 66B)
Class org.gradle.api.internal.classpath.UnknownModuleException                        : loaded 2 times (x 78B)
Class org.gradle.api.internal.DefaultClassPathRegistry                                : loaded 2 times (x 72B)
Class org.gradle.api.internal.ClassPathRegistry                                       : loaded 2 times (x 66B)
Class org.gradle.internal.classpath.DefaultClassPath$ImmutableUniqueList              : loaded 2 times (x 195B)
Class org.gradle.internal.classpath.ClassPath                                         : loaded 2 times (x 66B)
Class org.gradle.api.UncheckedIOException                                             : loaded 2 times (x 78B)
Class org.gradle.internal.installation.GradleInstallation$1                           : loaded 2 times (x 71B)
Class org.gradle.api.internal.classpath.ModuleRegistry                                : loaded 2 times (x 66B)
Class org.gradle.api.internal.classpath.DefaultModuleRegistry                         : loaded 2 times (x 82B)
Class org.gradle.internal.service.ServiceLookupException                              : loaded 2 times (x 78B)
Class org.gradle.internal.classloader.ClassLoaderFactory                              : loaded 2 times (x 66B)
Class org.gradle.internal.service.CachingServiceLocator                               : loaded 2 times (x 78B)
Class org.gradle.internal.classloader.ClasspathUtil                                   : loaded 2 times (x 67B)
Class org.gradle.api.specs.Spec                                                       : loaded 2 times (x 66B)
Class org.gradle.internal.classloader.VisitableURLClassLoader$InstrumentingVisitableURLClassLoader: loaded 2 times (x 119B)
Class org.gradle.internal.classloader.VisitableURLClassLoader$Spec                    : loaded 2 times (x 70B)
Class org.gradle.internal.classpath.DefaultClassPath                                  : loaded 2 times (x 86B)
Class org.gradle.internal.classloader.ClassLoaderSpec                                 : loaded 2 times (x 67B)
Class org.gradle.internal.classloader.VisitableURLClassLoader                         : loaded 2 times (x 113B)
Class org.gradle.internal.Cast                                                        : loaded 2 times (x 67B)
Class org.gradle.api.Action                                                           : loaded 2 times (x 66B)
Class org.gradle.internal.classpath.DefaultClassPath$ImmutableUniqueList$Builder      : loaded 2 times (x 71B)
Class org.gradle.api.GradleException                                                  : loaded 2 times (x 78B)
Class org.gradle.internal.IoActions                                                   : loaded 2 times (x 67B)
Class org.gradle.internal.classloader.SystemClassLoaderSpec                           : loaded 2 times (x 67B)
Class org.gradle.api.internal.classpath.GlobalCacheRootsProvider                      : loaded 2 times (x 66B)
Class org.gradle.internal.installation.CurrentGradleInstallationLocator               : loaded 2 times (x 67B)
Class org.gradle.internal.service.DefaultServiceLocator                               : loaded 2 times (x 79B)
Class org.gradle.internal.installation.CurrentGradleInstallation                      : loaded 2 times (x 69B)
Class org.gradle.util.internal.GUtil                                                  : loaded 2 times (x 67B)
Class org.gradle.internal.installation.GradleInstallation                             : loaded 2 times (x 71B)

---------------  S Y S T E M  ---------------

OS:
 Windows 10 , 64 bit Build 19041 (10.0.19041.5678)
OS uptime: 0 days 1:54 hours
Hyper-V role detected

CPU: total 12 (initial active 12) (6 cores per cpu, 2 threads per core) family 6 model 151 stepping 5 microcode 0x22, cx8, cmov, fxsr, ht, mmx, 3dnowpref, sse, sse2, sse3, ssse3, sse4.1, sse4.2, popcnt, lzcnt, tsc, tscinvbit, avx, avx2, aes, erms, clmul, bmi1, bmi2, adx, sha, fma, vzeroupper, clflush, clflushopt, clwb, hv, rdtscp, rdpid, fsrm, f16c, cet_ibt, cet_ss
Processor Information for all 12 processors :
  Max Mhz: 2500, Current Mhz: 2500, Mhz Limit: 2500

Memory: 4k page, system-wide physical 16243M (5564M free)
TotalPageFile size 29043M (AvailPageFile size 12583M)
current process WorkingSet (physical memory assigned to process): 236M, peak: 246M
current process commit charge ("private bytes"): 285M, peak: 386M

vm_info: OpenJDK 64-Bit Server VM (21.0.5+-12932927-b750.29) for windows-amd64 JRE (21.0.5+-12932927-b750.29), built on 2025-01-17T02:01:10Z by "builder" with MS VC++ 16.10 / 16.11 (VS2019)

END.
